<?xml version="1.0" encoding="UTF-8"?>
<!-- Generated by org.testng.reporters.JUnitReportReporter -->
<testsuite hostname="DESKTOP-GLNI87U" failures="0" tests="3" name="com.crm.qa.testcases.LoginPageTest" time="29.282" errors="0" timestamp="07 Apr. 2023 16:36:26 GMT" skipped="0">
  <testcase classname="com.crm.qa.testcases.LoginPageTest" name="loginPageTitleTest" time="7.831"/>
  <testcase classname="com.crm.qa.testcases.LoginPageTest" name="crmLogoImageTest" time="9.268"/>
  <testcase classname="com.crm.qa.testcases.LoginPageTest" name="loginTest" time="12.183"/>
</testsuite> <!-- com.crm.qa.testcases.LoginPageTest -->
