<?xml version="1.0" encoding="UTF-8"?>
<!-- Generated by org.testng.reporters.JUnitReportReporter -->
<testsuite hostname="DESKTOP-GLNI87U" failures="0" tests="3" name="com.crm.qa.testcases.HomePageTest" time="39.137" errors="0" timestamp="08 Apr 2023 13:37:45 GMT" skipped="0">
  <testcase classname="com.crm.qa.testcases.HomePageTest" name="verifyHomePageTitleTest" time="13.612"/>
  <testcase classname="com.crm.qa.testcases.HomePageTest" name="verifyusernameTest" time="13.008"/>
  <testcase classname="com.crm.qa.testcases.HomePageTest" name="verifyContacLinktTest" time="12.517"/>
</testsuite> <!-- com.crm.qa.testcases.HomePageTest -->
