<?xml version="1.0" encoding="UTF-8"?>
<!-- Generated by org.testng.reporters.JUnitReportReporter -->
<testsuite hostname="DESKTOP-GLNI87U" failures="0" tests="3" name="com.crm.qa.testcases.LoginPageTest" time="30.406" errors="0" timestamp="08 Apr 2023 13:37:45 GMT" skipped="0">
  <testcase classname="com.crm.qa.testcases.LoginPageTest" name="loginPageTitleTest" time="9.574"/>
  <testcase classname="com.crm.qa.testcases.LoginPageTest" name="crmLogoImageTest" time="9.050"/>
  <testcase classname="com.crm.qa.testcases.LoginPageTest" name="loginTest" time="11.782"/>
</testsuite> <!-- com.crm.qa.testcases.LoginPageTest -->
